<?xml version="1.0" encoding="UTF-8"?>
<!-- Generated by org.testng.reporters.JUnitReportReporter -->
<testsuite skipped="0" hostname="LAPTOP-N0G0NBDP" name="testNgScripts.Annotations" tests="4" failures="0" timestamp="25 Dec 2020 01:00:20 GMT" time="0.036" errors="0">
  <testcase name="method1" time="0.010" classname="testNgScripts.Annotations"/>
  <testcase name="createemail" time="0.014" classname="testNgScripts.Annotations"/>
  <testcase name="modifyemail" time="0.008" classname="testNgScripts.Annotations"/>
  <testcase name="deleteemail" time="0.004" classname="testNgScripts.Annotations"/>
</testsuite> <!-- testNgScripts.Annotations -->
