<?xml version="1.0" encoding="UTF-8"?>
<!-- Generated by org.testng.reporters.JUnitReportReporter -->
<testsuite skipped="0" hostname="LAPTOP-N0G0NBDP" name="testNgScripts.POIDemo" tests="19" failures="0" timestamp="30 Dec 2020 01:18:40 GMT" time="21.943" errors="0">
  <testcase name="wikipagedata" time="1.322" classname="testNgScripts.POIDemo"/>
  <testcase name="wikipagedata" time="1.176" classname="testNgScripts.POIDemo"/>
  <testcase name="wikipagedata" time="1.089" classname="testNgScripts.POIDemo"/>
  <testcase name="wikipagedata" time="1.255" classname="testNgScripts.POIDemo"/>
  <testcase name="wikipagedata" time="1.135" classname="testNgScripts.POIDemo"/>
  <testcase name="wikipagedata" time="1.238" classname="testNgScripts.POIDemo"/>
  <testcase name="wikipagedata" time="1.212" classname="testNgScripts.POIDemo"/>
  <testcase name="wikipagedata" time="1.101" classname="testNgScripts.POIDemo"/>
  <testcase name="wikipagedata" time="1.173" classname="testNgScripts.POIDemo"/>
  <testcase name="wikipagedata" time="1.113" classname="testNgScripts.POIDemo"/>
  <testcase name="wikipagedata" time="0.911" classname="testNgScripts.POIDemo"/>
  <testcase name="wikipagedata" time="1.240" classname="testNgScripts.POIDemo"/>
  <testcase name="wikipagedata" time="1.154" classname="testNgScripts.POIDemo"/>
  <testcase name="wikipagedata" time="1.022" classname="testNgScripts.POIDemo"/>
  <testcase name="wikipagedata" time="1.118" classname="testNgScripts.POIDemo"/>
  <testcase name="wikipagedata" time="1.222" classname="testNgScripts.POIDemo"/>
  <testcase name="wikipagedata" time="1.157" classname="testNgScripts.POIDemo"/>
  <testcase name="wikipagedata" time="1.182" classname="testNgScripts.POIDemo"/>
  <testcase name="wikipagedata" time="1.123" classname="testNgScripts.POIDemo"/>
</testsuite> <!-- testNgScripts.POIDemo -->
