<?xml version="1.0" encoding="UTF-8"?>
<!-- Generated by org.testng.reporters.JUnitReportReporter -->
<testsuite skipped="0" hostname="LAPTOP-N0G0NBDP" name="testNgScripts.POIDemo" tests="19" failures="0" timestamp="29 Dec 2020 01:59:47 GMT" time="24.353" errors="0">
  <testcase name="wikipagedata" time="1.112" classname="testNgScripts.POIDemo"/>
  <testcase name="wikipagedata" time="1.401" classname="testNgScripts.POIDemo"/>
  <testcase name="wikipagedata" time="1.345" classname="testNgScripts.POIDemo"/>
  <testcase name="wikipagedata" time="1.347" classname="testNgScripts.POIDemo"/>
  <testcase name="wikipagedata" time="1.309" classname="testNgScripts.POIDemo"/>
  <testcase name="wikipagedata" time="1.137" classname="testNgScripts.POIDemo"/>
  <testcase name="wikipagedata" time="1.630" classname="testNgScripts.POIDemo"/>
  <testcase name="wikipagedata" time="1.311" classname="testNgScripts.POIDemo"/>
  <testcase name="wikipagedata" time="1.384" classname="testNgScripts.POIDemo"/>
  <testcase name="wikipagedata" time="1.390" classname="testNgScripts.POIDemo"/>
  <testcase name="wikipagedata" time="1.184" classname="testNgScripts.POIDemo"/>
  <testcase name="wikipagedata" time="1.040" classname="testNgScripts.POIDemo"/>
  <testcase name="wikipagedata" time="1.276" classname="testNgScripts.POIDemo"/>
  <testcase name="wikipagedata" time="1.077" classname="testNgScripts.POIDemo"/>
  <testcase name="wikipagedata" time="1.079" classname="testNgScripts.POIDemo"/>
  <testcase name="wikipagedata" time="1.086" classname="testNgScripts.POIDemo"/>
  <testcase name="wikipagedata" time="1.414" classname="testNgScripts.POIDemo"/>
  <testcase name="wikipagedata" time="1.451" classname="testNgScripts.POIDemo"/>
  <testcase name="wikipagedata" time="1.380" classname="testNgScripts.POIDemo"/>
</testsuite> <!-- testNgScripts.POIDemo -->
