<?xml version="1.0" encoding="UTF-8"?>
<!-- Generated by org.testng.reporters.JUnitReportReporter -->
<testsuite skipped="0" hostname="LAPTOP-N0G0NBDP" name="testNgScripts.ParameterizationwithExcel" tests="12" failures="0" timestamp="25 Dec 2020 00:14:15 GMT" time="8.169" errors="0">
  <testcase name="wikipagedata" time="0.661" classname="testNgScripts.ParameterizationwithExcel"/>
  <testcase name="wikipagedata" time="0.728" classname="testNgScripts.ParameterizationwithExcel"/>
  <testcase name="wikipagedata" time="0.678" classname="testNgScripts.ParameterizationwithExcel"/>
  <testcase name="wikipagedata" time="0.662" classname="testNgScripts.ParameterizationwithExcel"/>
  <testcase name="wikipagedata" time="0.875" classname="testNgScripts.ParameterizationwithExcel"/>
  <testcase name="wikipagedata" time="0.637" classname="testNgScripts.ParameterizationwithExcel"/>
  <testcase name="wikipagedata" time="0.678" classname="testNgScripts.ParameterizationwithExcel"/>
  <testcase name="wikipagedata" time="0.624" classname="testNgScripts.ParameterizationwithExcel"/>
  <testcase name="wikipagedata" time="0.645" classname="testNgScripts.ParameterizationwithExcel"/>
  <testcase name="wikipagedata" time="0.670" classname="testNgScripts.ParameterizationwithExcel"/>
  <testcase name="wikipagedata" time="0.662" classname="testNgScripts.ParameterizationwithExcel"/>
  <testcase name="wikipagedata" time="0.649" classname="testNgScripts.ParameterizationwithExcel"/>
</testsuite> <!-- testNgScripts.ParameterizationwithExcel -->
