<?xml version="1.0" encoding="UTF-8"?>
<!-- Generated by org.testng.reporters.JUnitReportReporter -->
<testsuite skipped="0" hostname="LAPTOP-N0G0NBDP" name="testNgScripts.ParametrizationwithXML" tests="2" failures="0" timestamp="24 Dec 2020 02:17:44 GMT" time="11.616" errors="0">
  <testcase name="createAccount" time="5.814" classname="testNgScripts.ParametrizationwithXML"/>
  <testcase name="createAccount" time="5.802" classname="testNgScripts.ParametrizationwithXML"/>
</testsuite> <!-- testNgScripts.ParametrizationwithXML -->
