<?xml version="1.0" encoding="UTF-8"?>
<!-- Generated by org.testng.reporters.JUnitReportReporter -->
<testsuite skipped="0" hostname="LAPTOP-N0G0NBDP" name="testNgScripts.FramesDemo" tests="1" failures="0" timestamp="23 Dec 2020 02:12:08 GMT" time="19.061" errors="0">
  <testcase name="framesdemo" time="19.061" classname="testNgScripts.FramesDemo"/>
</testsuite> <!-- testNgScripts.FramesDemo -->
