<?xml version="1.0" encoding="UTF-8"?>
<!-- Generated by org.testng.reporters.JUnitReportReporter -->
<testsuite skipped="0" hostname="LAPTOP-N0G0NBDP" name="testNgScripts.Annotations2" tests="1" failures="0" timestamp="25 Dec 2020 00:51:11 GMT" time="0.005" errors="0">
  <testcase name="method2" time="0.005" classname="testNgScripts.Annotations2"/>
</testsuite> <!-- testNgScripts.Annotations2 -->
