<?xml version="1.0" encoding="UTF-8"?>
<!-- Generated by org.testng.reporters.JUnitReportReporter -->
<testsuite skipped="0" hostname="LAPTOP-N0G0NBDP" name="testNgScripts.DropDowns" tests="1" failures="0" timestamp="23 Dec 2020 02:12:08 GMT" time="21.136" errors="0">
  <testcase name="dropdowncheck" time="21.136" classname="testNgScripts.DropDowns"/>
</testsuite> <!-- testNgScripts.DropDowns -->
