<?xml version="1.0" encoding="UTF-8"?>
<!-- Generated by org.testng.reporters.JUnitReportReporter -->
<testsuite skipped="0" hostname="LAPTOP-N0G0NBDP" name="testNgScripts.Parameterization_XLS" tests="21" failures="0" timestamp="08 Jan 2021 00:25:53 GMT" time="26.210" errors="0">
  <testcase name="wikipagedata" time="1.229" classname="testNgScripts.Parameterization_XLS"/>
  <testcase name="wikipagedata" time="1.338" classname="testNgScripts.Parameterization_XLS"/>
  <testcase name="wikipagedata" time="1.303" classname="testNgScripts.Parameterization_XLS"/>
  <testcase name="wikipagedata" time="0.984" classname="testNgScripts.Parameterization_XLS"/>
  <testcase name="wikipagedata" time="0.967" classname="testNgScripts.Parameterization_XLS"/>
  <testcase name="wikipagedata" time="0.951" classname="testNgScripts.Parameterization_XLS"/>
  <testcase name="wikipagedata" time="0.962" classname="testNgScripts.Parameterization_XLS"/>
  <testcase name="wikipagedata" time="1.788" classname="testNgScripts.Parameterization_XLS"/>
  <testcase name="wikipagedata" time="1.359" classname="testNgScripts.Parameterization_XLS"/>
  <testcase name="wikipagedata" time="0.933" classname="testNgScripts.Parameterization_XLS"/>
  <testcase name="wikipagedata" time="1.148" classname="testNgScripts.Parameterization_XLS"/>
  <testcase name="wikipagedata" time="1.171" classname="testNgScripts.Parameterization_XLS"/>
  <testcase name="wikipagedata" time="1.064" classname="testNgScripts.Parameterization_XLS"/>
  <testcase name="wikipagedata" time="1.163" classname="testNgScripts.Parameterization_XLS"/>
  <testcase name="wikipagedata" time="2.981" classname="testNgScripts.Parameterization_XLS"/>
  <testcase name="wikipagedata" time="1.106" classname="testNgScripts.Parameterization_XLS"/>
  <testcase name="wikipagedata" time="1.246" classname="testNgScripts.Parameterization_XLS"/>
  <testcase name="wikipagedata" time="1.262" classname="testNgScripts.Parameterization_XLS"/>
  <testcase name="wikipagedata" time="0.869" classname="testNgScripts.Parameterization_XLS"/>
  <testcase name="wikipagedata" time="0.846" classname="testNgScripts.Parameterization_XLS"/>
  <testcase name="wikipagedata" time="1.540" classname="testNgScripts.Parameterization_XLS"/>
</testsuite> <!-- testNgScripts.Parameterization_XLS -->
