<?xml version="1.0" encoding="UTF-8"?>
<!-- Generated by org.testng.reporters.JUnitReportReporter -->
<testsuite skipped="0" hostname="LAPTOP-N0G0NBDP" name="testNgScripts.ParameterizationwithPOI_instructor" tests="3" failures="0" timestamp="29 Dec 2020 00:15:26 GMT" time="2.215" errors="0">
  <testcase name="wikipagedata" time="0.672" classname="testNgScripts.ParameterizationwithPOI_instructor"/>
  <testcase name="wikipagedata" time="0.898" classname="testNgScripts.ParameterizationwithPOI_instructor"/>
  <testcase name="wikipagedata" time="0.645" classname="testNgScripts.ParameterizationwithPOI_instructor"/>
</testsuite> <!-- testNgScripts.ParameterizationwithPOI_instructor -->
