<?xml version="1.0" encoding="UTF-8"?>
<!-- Generated by org.testng.reporters.JUnitReportReporter -->
<testsuite skipped="0" hostname="LAPTOP-N0G0NBDP" name="testNgScripts.Parameterization_XLS" tests="21" failures="0" timestamp="27 Dec 2020 16:32:33 GMT" time="20.113" errors="0">
  <testcase name="wikipagedata" time="0.899" classname="testNgScripts.Parameterization_XLS"/>
  <testcase name="wikipagedata" time="0.894" classname="testNgScripts.Parameterization_XLS"/>
  <testcase name="wikipagedata" time="0.990" classname="testNgScripts.Parameterization_XLS"/>
  <testcase name="wikipagedata" time="0.912" classname="testNgScripts.Parameterization_XLS"/>
  <testcase name="wikipagedata" time="0.870" classname="testNgScripts.Parameterization_XLS"/>
  <testcase name="wikipagedata" time="1.050" classname="testNgScripts.Parameterization_XLS"/>
  <testcase name="wikipagedata" time="0.848" classname="testNgScripts.Parameterization_XLS"/>
  <testcase name="wikipagedata" time="1.016" classname="testNgScripts.Parameterization_XLS"/>
  <testcase name="wikipagedata" time="0.893" classname="testNgScripts.Parameterization_XLS"/>
  <testcase name="wikipagedata" time="1.029" classname="testNgScripts.Parameterization_XLS"/>
  <testcase name="wikipagedata" time="0.892" classname="testNgScripts.Parameterization_XLS"/>
  <testcase name="wikipagedata" time="0.944" classname="testNgScripts.Parameterization_XLS"/>
  <testcase name="wikipagedata" time="0.992" classname="testNgScripts.Parameterization_XLS"/>
  <testcase name="wikipagedata" time="0.981" classname="testNgScripts.Parameterization_XLS"/>
  <testcase name="wikipagedata" time="0.919" classname="testNgScripts.Parameterization_XLS"/>
  <testcase name="wikipagedata" time="1.204" classname="testNgScripts.Parameterization_XLS"/>
  <testcase name="wikipagedata" time="0.940" classname="testNgScripts.Parameterization_XLS"/>
  <testcase name="wikipagedata" time="0.893" classname="testNgScripts.Parameterization_XLS"/>
  <testcase name="wikipagedata" time="0.874" classname="testNgScripts.Parameterization_XLS"/>
  <testcase name="wikipagedata" time="1.005" classname="testNgScripts.Parameterization_XLS"/>
  <testcase name="wikipagedata" time="1.068" classname="testNgScripts.Parameterization_XLS"/>
</testsuite> <!-- testNgScripts.Parameterization_XLS -->
